<?xml version="1.0" encoding="UTF-8"?>
<testng-results skipped="0" failed="0" total="1" passed="1">
  <reporter-output>
  </reporter-output>
  <suite name="Default suite" duration-ms="5948" started-at="2016-11-28T05:34:26Z" finished-at="2016-11-28T05:34:32Z">
    <groups>
    </groups>
    <test name="Default test" duration-ms="5948" started-at="2016-11-28T05:34:26Z" finished-at="2016-11-28T05:34:32Z">
      <class name="com.intuit.gmail.tests.EmailWithAttachmentTest">
        <test-method status="PASS" signature="setUp()[pri:0, instance:com.intuit.gmail.tests.EmailWithAttachmentTest@50c87b21]" name="setUp" is-config="true" duration-ms="1620" started-at="2016-11-27T23:34:27Z" finished-at="2016-11-27T23:34:28Z">
          <reporter-output>
          </reporter-output>
        </test-method> <!-- setUp -->
        <test-method status="PASS" signature="testEmailWithAttachment()[pri:0, instance:com.intuit.gmail.tests.EmailWithAttachmentTest@50c87b21]" name="testEmailWithAttachment" duration-ms="4305" started-at="2016-11-27T23:34:28Z" finished-at="2016-11-27T23:34:32Z">
          <reporter-output>
          </reporter-output>
        </test-method> <!-- testEmailWithAttachment -->
      </class> <!-- com.intuit.gmail.tests.EmailWithAttachmentTest -->
    </test> <!-- Default test -->
  </suite> <!-- Default suite -->
</testng-results>
